2020-03-17 17:23:40,859 [Worker-3] INFO  c.g.t.t.d.PublishedGradleVersions - Gradle version information cache is up-to-date. Trying to read.
2020-03-17 17:23:46,537 [Worker-5] INFO  o.e.m.c.i.i.nexus.NexusIndexManager - Updating index for repository: central|https://repo.maven.apache.org/maven2
2020-03-17 17:23:47,411 [Worker-8] WARN  o.e.m.c.i.embedder.EclipseLogger - Failed to retrieve plugin descriptor for org.apache.maven.plugins:maven-clean-plugin:2.5: Plugin org.apache.maven.plugins:maven-clean-plugin:2.5 or one of its dependencies could not be resolved: Failed to read artifact descriptor for org.apache.maven.plugins:maven-clean-plugin:jar:2.5
2020-03-17 17:23:47,701 [Worker-8] WARN  o.e.m.c.i.embedder.EclipseLogger - Failed to retrieve plugin descriptor for org.apache.maven.plugins:maven-clean-plugin:2.5: Plugin org.apache.maven.plugins:maven-clean-plugin:2.5 or one of its dependencies could not be resolved: Failed to read artifact descriptor for org.apache.maven.plugins:maven-clean-plugin:jar:2.5
2020-03-17 17:23:49,892 [Worker-8] INFO  o.e.m.c.i.e.AbstractTransferListenerAdapter - Downloaded https://repo.maven.apache.org/maven2/org/icefaces/icefaces/1.7.2/icefaces-1.7.2.jar
2020-03-17 17:23:49,901 [Worker-8] WARN  o.e.m.c.i.embedder.EclipseLogger - Failed to retrieve plugin descriptor for org.apache.maven.plugins:maven-clean-plugin:2.5: Plugin org.apache.maven.plugins:maven-clean-plugin:2.5 or one of its dependencies could not be resolved: Failed to read artifact descriptor for org.apache.maven.plugins:maven-clean-plugin:jar:2.5
2020-03-17 17:23:49,903 [Worker-8] WARN  o.e.m.c.i.embedder.EclipseLogger - Failed to retrieve plugin descriptor for org.apache.maven.plugins:maven-clean-plugin:2.5: Plugin org.apache.maven.plugins:maven-clean-plugin:2.5 or one of its dependencies could not be resolved: Failed to read artifact descriptor for org.apache.maven.plugins:maven-clean-plugin:jar:2.5
2020-03-17 17:23:54,136 [Worker-8] INFO  o.e.m.c.i.e.AbstractTransferListenerAdapter - Downloaded https://repo.maven.apache.org/maven2/org/icefaces/icefaces/1.7.1/icefaces-1.7.1.jar
2020-03-17 17:23:54,146 [Worker-8] WARN  o.e.m.c.i.embedder.EclipseLogger - Failed to retrieve plugin descriptor for org.apache.maven.plugins:maven-clean-plugin:2.5: Plugin org.apache.maven.plugins:maven-clean-plugin:2.5 or one of its dependencies could not be resolved: Failed to read artifact descriptor for org.apache.maven.plugins:maven-clean-plugin:jar:2.5
2020-03-17 17:23:54,147 [Worker-8] WARN  o.e.m.c.i.embedder.EclipseLogger - Failed to retrieve plugin descriptor for org.apache.maven.plugins:maven-clean-plugin:2.5: Plugin org.apache.maven.plugins:maven-clean-plugin:2.5 or one of its dependencies could not be resolved: Failed to read artifact descriptor for org.apache.maven.plugins:maven-clean-plugin:jar:2.5
2020-03-17 17:24:06,777 [Worker-8] INFO  o.e.m.c.i.e.AbstractTransferListenerAdapter - Downloaded https://repo.maven.apache.org/maven2/org/icefaces/icefaces/1.7.0/icefaces-1.7.0.jar
2020-03-17 17:24:06,786 [Worker-8] WARN  o.e.m.c.i.embedder.EclipseLogger - Failed to retrieve plugin descriptor for org.apache.maven.plugins:maven-clean-plugin:2.5: Plugin org.apache.maven.plugins:maven-clean-plugin:2.5 or one of its dependencies could not be resolved: Failed to read artifact descriptor for org.apache.maven.plugins:maven-clean-plugin:jar:2.5
2020-03-17 17:24:06,789 [Worker-8] WARN  o.e.m.c.i.embedder.EclipseLogger - Failed to retrieve plugin descriptor for org.apache.maven.plugins:maven-clean-plugin:2.5: Plugin org.apache.maven.plugins:maven-clean-plugin:2.5 or one of its dependencies could not be resolved: Failed to read artifact descriptor for org.apache.maven.plugins:maven-clean-plugin:jar:2.5
2020-03-17 17:24:08,446 [Worker-8] INFO  o.e.m.c.i.e.AbstractTransferListenerAdapter - Downloaded https://repo.maven.apache.org/maven2/org/icefaces/icefaces/1.6.2/icefaces-1.6.2.jar
2020-03-17 17:24:08,456 [Worker-8] WARN  o.e.m.c.i.embedder.EclipseLogger - Failed to retrieve plugin descriptor for org.apache.maven.plugins:maven-clean-plugin:2.5: Plugin org.apache.maven.plugins:maven-clean-plugin:2.5 or one of its dependencies could not be resolved: Failed to read artifact descriptor for org.apache.maven.plugins:maven-clean-plugin:jar:2.5
2020-03-17 17:24:08,459 [Worker-8] WARN  o.e.m.c.i.embedder.EclipseLogger - Failed to retrieve plugin descriptor for org.apache.maven.plugins:maven-clean-plugin:2.5: Plugin org.apache.maven.plugins:maven-clean-plugin:2.5 or one of its dependencies could not be resolved: Failed to read artifact descriptor for org.apache.maven.plugins:maven-clean-plugin:jar:2.5
2020-03-17 17:24:10,805 [Worker-8] INFO  o.e.m.c.i.e.AbstractTransferListenerAdapter - Downloaded https://repo.maven.apache.org/maven2/org/icefaces/icefaces/1.6.1/icefaces-1.6.1.jar
2020-03-17 17:24:10,816 [Worker-8] WARN  o.e.m.c.i.embedder.EclipseLogger - Failed to retrieve plugin descriptor for org.apache.maven.plugins:maven-clean-plugin:2.5: Plugin org.apache.maven.plugins:maven-clean-plugin:2.5 or one of its dependencies could not be resolved: Failed to read artifact descriptor for org.apache.maven.plugins:maven-clean-plugin:jar:2.5
2020-03-17 17:24:10,818 [Worker-8] WARN  o.e.m.c.i.embedder.EclipseLogger - Failed to retrieve plugin descriptor for org.apache.maven.plugins:maven-clean-plugin:2.5: Plugin org.apache.maven.plugins:maven-clean-plugin:2.5 or one of its dependencies could not be resolved: Failed to read artifact descriptor for org.apache.maven.plugins:maven-clean-plugin:jar:2.5
2020-03-17 17:24:15,000 [Worker-8] INFO  o.e.m.c.i.e.AbstractTransferListenerAdapter - Downloaded https://repo.maven.apache.org/maven2/org/icepush/icepush/2.0.2/icepush-2.0.2.jar
2020-03-17 17:24:15,006 [Worker-8] WARN  o.e.m.c.i.embedder.EclipseLogger - Failed to retrieve plugin descriptor for org.apache.maven.plugins:maven-clean-plugin:2.5: Plugin org.apache.maven.plugins:maven-clean-plugin:2.5 or one of its dependencies could not be resolved: Failed to read artifact descriptor for org.apache.maven.plugins:maven-clean-plugin:jar:2.5
2020-03-17 17:24:15,008 [Worker-8] WARN  o.e.m.c.i.embedder.EclipseLogger - Failed to retrieve plugin descriptor for org.apache.maven.plugins:maven-clean-plugin:2.5: Plugin org.apache.maven.plugins:maven-clean-plugin:2.5 or one of its dependencies could not be resolved: Failed to read artifact descriptor for org.apache.maven.plugins:maven-clean-plugin:jar:2.5
2020-03-17 17:24:16,045 [Worker-8] INFO  o.e.m.c.i.e.AbstractTransferListenerAdapter - Downloaded https://repo.maven.apache.org/maven2/org/icefaces/icefaces-comps/1.8.0/icefaces-comps-1.8.0.jar
2020-03-17 17:24:16,055 [Worker-8] WARN  o.e.m.c.i.embedder.EclipseLogger - Failed to retrieve plugin descriptor for org.apache.maven.plugins:maven-clean-plugin:2.5: Plugin org.apache.maven.plugins:maven-clean-plugin:2.5 or one of its dependencies could not be resolved: Failed to read artifact descriptor for org.apache.maven.plugins:maven-clean-plugin:jar:2.5
2020-03-17 17:24:16,058 [Worker-8] WARN  o.e.m.c.i.embedder.EclipseLogger - Failed to retrieve plugin descriptor for org.apache.maven.plugins:maven-clean-plugin:2.5: Plugin org.apache.maven.plugins:maven-clean-plugin:2.5 or one of its dependencies could not be resolved: Failed to read artifact descriptor for org.apache.maven.plugins:maven-clean-plugin:jar:2.5
2020-03-17 17:24:29,542 [Worker-8] INFO  o.e.m.c.i.e.AbstractTransferListenerAdapter - Downloaded https://repo.maven.apache.org/maven2/org/icefaces/icefaces-comps/1.7.2/icefaces-comps-1.7.2.jar
2020-03-17 17:24:29,550 [Worker-8] WARN  o.e.m.c.i.embedder.EclipseLogger - Failed to retrieve plugin descriptor for org.apache.maven.plugins:maven-clean-plugin:2.5: Plugin org.apache.maven.plugins:maven-clean-plugin:2.5 or one of its dependencies could not be resolved: Failed to read artifact descriptor for org.apache.maven.plugins:maven-clean-plugin:jar:2.5
2020-03-17 17:24:29,552 [Worker-8] WARN  o.e.m.c.i.embedder.EclipseLogger - Failed to retrieve plugin descriptor for org.apache.maven.plugins:maven-clean-plugin:2.5: Plugin org.apache.maven.plugins:maven-clean-plugin:2.5 or one of its dependencies could not be resolved: Failed to read artifact descriptor for org.apache.maven.plugins:maven-clean-plugin:jar:2.5
2020-03-17 17:24:38,846 [Worker-8] INFO  o.e.m.c.i.e.AbstractTransferListenerAdapter - Downloaded https://repo.maven.apache.org/maven2/org/icefaces/icefaces-comps/1.7.1/icefaces-comps-1.7.1.jar
2020-03-17 17:24:38,854 [Worker-8] WARN  o.e.m.c.i.embedder.EclipseLogger - Failed to retrieve plugin descriptor for org.apache.maven.plugins:maven-clean-plugin:2.5: Plugin org.apache.maven.plugins:maven-clean-plugin:2.5 or one of its dependencies could not be resolved: Failed to read artifact descriptor for org.apache.maven.plugins:maven-clean-plugin:jar:2.5
2020-03-17 17:24:38,856 [Worker-8] WARN  o.e.m.c.i.embedder.EclipseLogger - Failed to retrieve plugin descriptor for org.apache.maven.plugins:maven-clean-plugin:2.5: Plugin org.apache.maven.plugins:maven-clean-plugin:2.5 or one of its dependencies could not be resolved: Failed to read artifact descriptor for org.apache.maven.plugins:maven-clean-plugin:jar:2.5
2020-03-17 17:24:49,751 [Worker-8] INFO  o.e.m.c.i.e.AbstractTransferListenerAdapter - Downloaded https://repo.maven.apache.org/maven2/org/icefaces/icefaces-comps/1.7.0/icefaces-comps-1.7.0.jar
2020-03-17 17:24:49,761 [Worker-8] WARN  o.e.m.c.i.embedder.EclipseLogger - Failed to retrieve plugin descriptor for org.apache.maven.plugins:maven-clean-plugin:2.5: Plugin org.apache.maven.plugins:maven-clean-plugin:2.5 or one of its dependencies could not be resolved: Failed to read artifact descriptor for org.apache.maven.plugins:maven-clean-plugin:jar:2.5
2020-03-17 17:24:49,763 [Worker-8] WARN  o.e.m.c.i.embedder.EclipseLogger - Failed to retrieve plugin descriptor for org.apache.maven.plugins:maven-clean-plugin:2.5: Plugin org.apache.maven.plugins:maven-clean-plugin:2.5 or one of its dependencies could not be resolved: Failed to read artifact descriptor for org.apache.maven.plugins:maven-clean-plugin:jar:2.5
2020-03-17 17:24:53,084 [Worker-8] INFO  o.e.m.c.i.e.AbstractTransferListenerAdapter - Downloaded https://repo.maven.apache.org/maven2/org/icefaces/icefaces-comps/1.6.2/icefaces-comps-1.6.2.jar
2020-03-17 17:24:53,094 [Worker-8] WARN  o.e.m.c.i.embedder.EclipseLogger - Failed to retrieve plugin descriptor for org.apache.maven.plugins:maven-clean-plugin:2.5: Plugin org.apache.maven.plugins:maven-clean-plugin:2.5 or one of its dependencies could not be resolved: Failed to read artifact descriptor for org.apache.maven.plugins:maven-clean-plugin:jar:2.5
2020-03-17 17:24:53,097 [Worker-8] WARN  o.e.m.c.i.embedder.EclipseLogger - Failed to retrieve plugin descriptor for org.apache.maven.plugins:maven-clean-plugin:2.5: Plugin org.apache.maven.plugins:maven-clean-plugin:2.5 or one of its dependencies could not be resolved: Failed to read artifact descriptor for org.apache.maven.plugins:maven-clean-plugin:jar:2.5
2020-03-17 17:25:00,008 [Worker-8] INFO  o.e.m.c.i.e.AbstractTransferListenerAdapter - Downloaded https://repo.maven.apache.org/maven2/org/icefaces/icefaces-comps/1.6.1/icefaces-comps-1.6.1.jar
2020-03-17 17:25:00,029 [Worker-8] WARN  o.e.m.c.i.embedder.EclipseLogger - Failed to retrieve plugin descriptor for org.apache.maven.plugins:maven-clean-plugin:2.5: Plugin org.apache.maven.plugins:maven-clean-plugin:2.5 or one of its dependencies could not be resolved: Failed to read artifact descriptor for org.apache.maven.plugins:maven-clean-plugin:jar:2.5
2020-03-17 17:25:00,031 [Worker-8] WARN  o.e.m.c.i.embedder.EclipseLogger - Failed to retrieve plugin descriptor for org.apache.maven.plugins:maven-clean-plugin:2.5: Plugin org.apache.maven.plugins:maven-clean-plugin:2.5 or one of its dependencies could not be resolved: Failed to read artifact descriptor for org.apache.maven.plugins:maven-clean-plugin:jar:2.5
2020-03-17 17:25:06,845 [Worker-8] INFO  o.e.m.c.i.e.AbstractTransferListenerAdapter - Downloaded https://repo.maven.apache.org/maven2/org/icefaces/icefaces-facelets/1.8.0/icefaces-facelets-1.8.0.jar
2020-03-17 17:25:06,851 [Worker-8] WARN  o.e.m.c.i.embedder.EclipseLogger - Failed to retrieve plugin descriptor for org.apache.maven.plugins:maven-clean-plugin:2.5: Plugin org.apache.maven.plugins:maven-clean-plugin:2.5 or one of its dependencies could not be resolved: Failed to read artifact descriptor for org.apache.maven.plugins:maven-clean-plugin:jar:2.5
2020-03-17 17:25:06,854 [Worker-8] WARN  o.e.m.c.i.embedder.EclipseLogger - Failed to retrieve plugin descriptor for org.apache.maven.plugins:maven-clean-plugin:2.5: Plugin org.apache.maven.plugins:maven-clean-plugin:2.5 or one of its dependencies could not be resolved: Failed to read artifact descriptor for org.apache.maven.plugins:maven-clean-plugin:jar:2.5
2020-03-17 17:25:17,297 [Worker-8] INFO  o.e.m.c.i.e.AbstractTransferListenerAdapter - Downloaded https://repo.maven.apache.org/maven2/org/icefaces/icefaces-facelets/1.7.2/icefaces-facelets-1.7.2.jar
2020-03-17 17:25:17,308 [Worker-8] WARN  o.e.m.c.i.embedder.EclipseLogger - Failed to retrieve plugin descriptor for org.apache.maven.plugins:maven-clean-plugin:2.5: Plugin org.apache.maven.plugins:maven-clean-plugin:2.5 or one of its dependencies could not be resolved: Failed to read artifact descriptor for org.apache.maven.plugins:maven-clean-plugin:jar:2.5
2020-03-17 17:25:17,310 [Worker-8] WARN  o.e.m.c.i.embedder.EclipseLogger - Failed to retrieve plugin descriptor for org.apache.maven.plugins:maven-clean-plugin:2.5: Plugin org.apache.maven.plugins:maven-clean-plugin:2.5 or one of its dependencies could not be resolved: Failed to read artifact descriptor for org.apache.maven.plugins:maven-clean-plugin:jar:2.5
2020-03-17 17:25:19,227 [Worker-8] INFO  o.e.m.c.i.e.AbstractTransferListenerAdapter - Downloaded https://repo.maven.apache.org/maven2/org/icefaces/icefaces-facelets/1.7.1/icefaces-facelets-1.7.1.jar
2020-03-17 17:25:19,236 [Worker-8] WARN  o.e.m.c.i.embedder.EclipseLogger - Failed to retrieve plugin descriptor for org.apache.maven.plugins:maven-clean-plugin:2.5: Plugin org.apache.maven.plugins:maven-clean-plugin:2.5 or one of its dependencies could not be resolved: Failed to read artifact descriptor for org.apache.maven.plugins:maven-clean-plugin:jar:2.5
2020-03-17 17:25:19,239 [Worker-8] WARN  o.e.m.c.i.embedder.EclipseLogger - Failed to retrieve plugin descriptor for org.apache.maven.plugins:maven-clean-plugin:2.5: Plugin org.apache.maven.plugins:maven-clean-plugin:2.5 or one of its dependencies could not be resolved: Failed to read artifact descriptor for org.apache.maven.plugins:maven-clean-plugin:jar:2.5
2020-03-17 17:25:25,640 [Worker-8] INFO  o.e.m.c.i.e.AbstractTransferListenerAdapter - Downloaded https://repo.maven.apache.org/maven2/org/icefaces/icefaces-facelets/1.7.0/icefaces-facelets-1.7.0.jar
2020-03-17 17:25:25,648 [Worker-8] WARN  o.e.m.c.i.embedder.EclipseLogger - Failed to retrieve plugin descriptor for org.apache.maven.plugins:maven-clean-plugin:2.5: Plugin org.apache.maven.plugins:maven-clean-plugin:2.5 or one of its dependencies could not be resolved: Failed to read artifact descriptor for org.apache.maven.plugins:maven-clean-plugin:jar:2.5
2020-03-17 17:25:25,651 [Worker-8] WARN  o.e.m.c.i.embedder.EclipseLogger - Failed to retrieve plugin descriptor for org.apache.maven.plugins:maven-clean-plugin:2.5: Plugin org.apache.maven.plugins:maven-clean-plugin:2.5 or one of its dependencies could not be resolved: Failed to read artifact descriptor for org.apache.maven.plugins:maven-clean-plugin:jar:2.5
2020-03-17 17:25:36,606 [Worker-8] INFO  o.e.m.c.i.e.AbstractTransferListenerAdapter - Downloaded https://repo.maven.apache.org/maven2/org/icefaces/icefaces-facelets/1.6.2/icefaces-facelets-1.6.2.jar
2020-03-17 17:25:36,615 [Worker-8] WARN  o.e.m.c.i.embedder.EclipseLogger - Failed to retrieve plugin descriptor for org.apache.maven.plugins:maven-clean-plugin:2.5: Plugin org.apache.maven.plugins:maven-clean-plugin:2.5 or one of its dependencies could not be resolved: Failed to read artifact descriptor for org.apache.maven.plugins:maven-clean-plugin:jar:2.5
2020-03-17 17:25:36,618 [Worker-8] WARN  o.e.m.c.i.embedder.EclipseLogger - Failed to retrieve plugin descriptor for org.apache.maven.plugins:maven-clean-plugin:2.5: Plugin org.apache.maven.plugins:maven-clean-plugin:2.5 or one of its dependencies could not be resolved: Failed to read artifact descriptor for org.apache.maven.plugins:maven-clean-plugin:jar:2.5
2020-03-17 17:25:39,194 [Worker-8] INFO  o.e.m.c.i.e.AbstractTransferListenerAdapter - Downloaded https://repo.maven.apache.org/maven2/org/icefaces/icefaces-facelets/1.6.1/icefaces-facelets-1.6.1.jar
2020-03-17 17:25:39,202 [Worker-8] WARN  o.e.m.c.i.embedder.EclipseLogger - Failed to retrieve plugin descriptor for org.apache.maven.plugins:maven-clean-plugin:2.5: Plugin org.apache.maven.plugins:maven-clean-plugin:2.5 or one of its dependencies could not be resolved: Failed to read artifact descriptor for org.apache.maven.plugins:maven-clean-plugin:jar:2.5
2020-03-17 17:25:39,204 [Worker-8] WARN  o.e.m.c.i.embedder.EclipseLogger - Failed to retrieve plugin descriptor for org.apache.maven.plugins:maven-clean-plugin:2.5: Plugin org.apache.maven.plugins:maven-clean-plugin:2.5 or one of its dependencies could not be resolved: Failed to read artifact descriptor for org.apache.maven.plugins:maven-clean-plugin:jar:2.5
2020-03-17 17:25:46,110 [Worker-8] INFO  o.e.m.c.i.e.AbstractTransferListenerAdapter - Downloaded https://repo.maven.apache.org/maven2/net/sourceforge/jexcelapi/jxl/2.6.8/jxl-2.6.8.jar
2020-03-17 17:25:46,118 [Worker-8] WARN  o.e.m.c.i.embedder.EclipseLogger - Failed to retrieve plugin descriptor for org.apache.maven.plugins:maven-clean-plugin:2.5: Plugin org.apache.maven.plugins:maven-clean-plugin:2.5 or one of its dependencies could not be resolved: Failed to read artifact descriptor for org.apache.maven.plugins:maven-clean-plugin:jar:2.5
2020-03-17 17:25:46,120 [Worker-8] WARN  o.e.m.c.i.embedder.EclipseLogger - Failed to retrieve plugin descriptor for org.apache.maven.plugins:maven-clean-plugin:2.5: Plugin org.apache.maven.plugins:maven-clean-plugin:2.5 or one of its dependencies could not be resolved: Failed to read artifact descriptor for org.apache.maven.plugins:maven-clean-plugin:jar:2.5
2020-03-17 17:25:51,236 [Worker-8] INFO  o.e.m.c.i.e.AbstractTransferListenerAdapter - Downloaded https://repo.maven.apache.org/maven2/org/icefaces/icefaces-mobi/1.3.0/icefaces-mobi-1.3.0.jar
2020-03-17 17:25:51,274 [Worker-8] WARN  o.e.m.c.i.embedder.EclipseLogger - Failed to retrieve plugin descriptor for org.apache.maven.plugins:maven-clean-plugin:2.5: Plugin org.apache.maven.plugins:maven-clean-plugin:2.5 or one of its dependencies could not be resolved: Failed to read artifact descriptor for org.apache.maven.plugins:maven-clean-plugin:jar:2.5
2020-03-17 17:25:51,276 [Worker-8] WARN  o.e.m.c.i.embedder.EclipseLogger - Failed to retrieve plugin descriptor for org.apache.maven.plugins:maven-clean-plugin:2.5: Plugin org.apache.maven.plugins:maven-clean-plugin:2.5 or one of its dependencies could not be resolved: Failed to read artifact descriptor for org.apache.maven.plugins:maven-clean-plugin:jar:2.5
2020-03-17 17:25:52,727 [Worker-8] INFO  o.e.m.c.i.e.AbstractTransferListenerAdapter - Downloaded https://repo.maven.apache.org/maven2/org/icepush/icepush/3.0.0/icepush-3.0.0.jar
2020-03-17 17:25:52,757 [Worker-8] WARN  o.e.m.c.i.embedder.EclipseLogger - Failed to retrieve plugin descriptor for org.apache.maven.plugins:maven-clean-plugin:2.5: Plugin org.apache.maven.plugins:maven-clean-plugin:2.5 or one of its dependencies could not be resolved: Failed to read artifact descriptor for org.apache.maven.plugins:maven-clean-plugin:jar:2.5
2020-03-17 17:25:52,759 [Worker-8] WARN  o.e.m.c.i.embedder.EclipseLogger - Failed to retrieve plugin descriptor for org.apache.maven.plugins:maven-clean-plugin:2.5: Plugin org.apache.maven.plugins:maven-clean-plugin:2.5 or one of its dependencies could not be resolved: Failed to read artifact descriptor for org.apache.maven.plugins:maven-clean-plugin:jar:2.5
2020-03-17 17:25:54,750 [Worker-8] INFO  o.e.m.c.i.e.AbstractTransferListenerAdapter - Downloaded https://repo.maven.apache.org/maven2/javax/activation/activation/1.0.2/activation-1.0.2.jar
2020-03-17 17:25:54,758 [Worker-8] WARN  o.e.m.c.i.embedder.EclipseLogger - Failed to retrieve plugin descriptor for org.apache.maven.plugins:maven-clean-plugin:2.5: Plugin org.apache.maven.plugins:maven-clean-plugin:2.5 or one of its dependencies could not be resolved: Failed to read artifact descriptor for org.apache.maven.plugins:maven-clean-plugin:jar:2.5
2020-03-17 17:25:54,760 [Worker-8] WARN  o.e.m.c.i.embedder.EclipseLogger - Failed to retrieve plugin descriptor for org.apache.maven.plugins:maven-clean-plugin:2.5: Plugin org.apache.maven.plugins:maven-clean-plugin:2.5 or one of its dependencies could not be resolved: Failed to read artifact descriptor for org.apache.maven.plugins:maven-clean-plugin:jar:2.5
2020-03-17 17:25:56,423 [Worker-8] INFO  o.e.m.c.i.e.AbstractTransferListenerAdapter - Downloaded https://repo.maven.apache.org/maven2/javax/mail/mail/1.3.1/mail-1.3.1.jar
2020-03-17 17:25:56,430 [Worker-8] WARN  o.e.m.c.i.embedder.EclipseLogger - Failed to retrieve plugin descriptor for org.apache.maven.plugins:maven-clean-plugin:2.5: Plugin org.apache.maven.plugins:maven-clean-plugin:2.5 or one of its dependencies could not be resolved: Failed to read artifact descriptor for org.apache.maven.plugins:maven-clean-plugin:jar:2.5
2020-03-17 17:25:56,432 [Worker-8] WARN  o.e.m.c.i.embedder.EclipseLogger - Failed to retrieve plugin descriptor for org.apache.maven.plugins:maven-clean-plugin:2.5: Plugin org.apache.maven.plugins:maven-clean-plugin:2.5 or one of its dependencies could not be resolved: Failed to read artifact descriptor for org.apache.maven.plugins:maven-clean-plugin:jar:2.5
2020-03-17 17:25:57,954 [Worker-8] INFO  o.e.m.c.i.e.AbstractTransferListenerAdapter - Downloaded https://repo.maven.apache.org/maven2/javax/xml/namespace/1.0.1/namespace-1.0.1.jar
2020-03-17 17:25:57,962 [Worker-8] WARN  o.e.m.c.i.embedder.EclipseLogger - Failed to retrieve plugin descriptor for org.apache.maven.plugins:maven-clean-plugin:2.5: Plugin org.apache.maven.plugins:maven-clean-plugin:2.5 or one of its dependencies could not be resolved: Failed to read artifact descriptor for org.apache.maven.plugins:maven-clean-plugin:jar:2.5
2020-03-17 17:25:57,964 [Worker-8] WARN  o.e.m.c.i.embedder.EclipseLogger - Failed to retrieve plugin descriptor for org.apache.maven.plugins:maven-clean-plugin:2.5: Plugin org.apache.maven.plugins:maven-clean-plugin:2.5 or one of its dependencies could not be resolved: Failed to read artifact descriptor for org.apache.maven.plugins:maven-clean-plugin:jar:2.5
2020-03-17 17:26:02,455 [Worker-8] INFO  o.e.m.c.i.e.AbstractTransferListenerAdapter - Downloaded https://repo.maven.apache.org/maven2/javax/sql/jdbc-stdext/2.0/jdbc-stdext-2.0.jar
2020-03-17 17:26:02,466 [Worker-8] WARN  o.e.m.c.i.embedder.EclipseLogger - Failed to retrieve plugin descriptor for org.apache.maven.plugins:maven-clean-plugin:2.5: Plugin org.apache.maven.plugins:maven-clean-plugin:2.5 or one of its dependencies could not be resolved: Failed to read artifact descriptor for org.apache.maven.plugins:maven-clean-plugin:jar:2.5
2020-03-17 17:26:02,468 [Worker-8] WARN  o.e.m.c.i.embedder.EclipseLogger - Failed to retrieve plugin descriptor for org.apache.maven.plugins:maven-clean-plugin:2.5: Plugin org.apache.maven.plugins:maven-clean-plugin:2.5 or one of its dependencies could not be resolved: Failed to read artifact descriptor for org.apache.maven.plugins:maven-clean-plugin:jar:2.5
2020-03-17 17:26:09,884 [Worker-8] INFO  o.e.m.c.i.e.AbstractTransferListenerAdapter - Downloaded https://repo.maven.apache.org/maven2/javax/jts/jts/1.0/jts-1.0.jar
2020-03-17 17:26:09,894 [Worker-8] WARN  o.e.m.c.i.embedder.EclipseLogger - Failed to retrieve plugin descriptor for org.apache.maven.plugins:maven-clean-plugin:2.5: Plugin org.apache.maven.plugins:maven-clean-plugin:2.5 or one of its dependencies could not be resolved: Failed to read artifact descriptor for org.apache.maven.plugins:maven-clean-plugin:jar:2.5
2020-03-17 17:26:09,897 [Worker-8] WARN  o.e.m.c.i.embedder.EclipseLogger - Failed to retrieve plugin descriptor for org.apache.maven.plugins:maven-clean-plugin:2.5: Plugin org.apache.maven.plugins:maven-clean-plugin:2.5 or one of its dependencies could not be resolved: Failed to read artifact descriptor for org.apache.maven.plugins:maven-clean-plugin:jar:2.5
2020-03-17 17:26:11,709 [Worker-8] INFO  o.e.m.c.i.e.AbstractTransferListenerAdapter - Downloaded https://repo.maven.apache.org/maven2/org/jboss/cache/jbosscache-core/3.1.0/jbosscache-core-3.1.0.jar
2020-03-17 17:26:11,715 [Worker-8] WARN  o.e.m.c.i.embedder.EclipseLogger - Failed to retrieve plugin descriptor for org.apache.maven.plugins:maven-clean-plugin:2.5: Plugin org.apache.maven.plugins:maven-clean-plugin:2.5 or one of its dependencies could not be resolved: Failed to read artifact descriptor for org.apache.maven.plugins:maven-clean-plugin:jar:2.5
2020-03-17 17:26:11,718 [Worker-8] WARN  o.e.m.c.i.embedder.EclipseLogger - Failed to retrieve plugin descriptor for org.apache.maven.plugins:maven-clean-plugin:2.5: Plugin org.apache.maven.plugins:maven-clean-plugin:2.5 or one of its dependencies could not be resolved: Failed to read artifact descriptor for org.apache.maven.plugins:maven-clean-plugin:jar:2.5
2020-03-17 17:26:17,448 [Worker-8] INFO  o.e.m.c.i.e.AbstractTransferListenerAdapter - Downloaded https://repo.maven.apache.org/maven2/javax/resource/connector/1.0/connector-1.0.jar
2020-03-17 17:26:17,455 [Worker-8] WARN  o.e.m.c.i.embedder.EclipseLogger - Failed to retrieve plugin descriptor for org.apache.maven.plugins:maven-clean-plugin:2.5: Plugin org.apache.maven.plugins:maven-clean-plugin:2.5 or one of its dependencies could not be resolved: Failed to read artifact descriptor for org.apache.maven.plugins:maven-clean-plugin:jar:2.5
2020-03-17 17:26:17,458 [Worker-8] WARN  o.e.m.c.i.embedder.EclipseLogger - Failed to retrieve plugin descriptor for org.apache.maven.plugins:maven-clean-plugin:2.5: Plugin org.apache.maven.plugins:maven-clean-plugin:2.5 or one of its dependencies could not be resolved: Failed to read artifact descriptor for org.apache.maven.plugins:maven-clean-plugin:jar:2.5
2020-03-17 17:26:27,069 [Worker-8] INFO  o.e.m.c.i.e.AbstractTransferListenerAdapter - Downloaded https://repo.maven.apache.org/maven2/javax/security/jacc/1.0/jacc-1.0.jar
2020-03-17 17:26:27,078 [Worker-8] WARN  o.e.m.c.i.embedder.EclipseLogger - Failed to retrieve plugin descriptor for org.apache.maven.plugins:maven-clean-plugin:2.5: Plugin org.apache.maven.plugins:maven-clean-plugin:2.5 or one of its dependencies could not be resolved: Failed to read artifact descriptor for org.apache.maven.plugins:maven-clean-plugin:jar:2.5
2020-03-17 17:26:27,079 [Worker-8] WARN  o.e.m.c.i.embedder.EclipseLogger - Failed to retrieve plugin descriptor for org.apache.maven.plugins:maven-clean-plugin:2.5: Plugin org.apache.maven.plugins:maven-clean-plugin:2.5 or one of its dependencies could not be resolved: Failed to read artifact descriptor for org.apache.maven.plugins:maven-clean-plugin:jar:2.5
2020-03-17 17:26:28,512 [Worker-8] INFO  o.e.m.c.i.e.AbstractTransferListenerAdapter - Downloaded https://repo.maven.apache.org/maven2/javax/security/jaas/1.0.01/jaas-1.0.01.jar
2020-03-17 17:26:28,522 [Worker-8] WARN  o.e.m.c.i.embedder.EclipseLogger - Failed to retrieve plugin descriptor for org.apache.maven.plugins:maven-clean-plugin:2.5: Plugin org.apache.maven.plugins:maven-clean-plugin:2.5 or one of its dependencies could not be resolved: Failed to read artifact descriptor for org.apache.maven.plugins:maven-clean-plugin:jar:2.5
2020-03-17 17:26:28,525 [Worker-8] WARN  o.e.m.c.i.embedder.EclipseLogger - Failed to retrieve plugin descriptor for org.apache.maven.plugins:maven-clean-plugin:2.5: Plugin org.apache.maven.plugins:maven-clean-plugin:2.5 or one of its dependencies could not be resolved: Failed to read artifact descriptor for org.apache.maven.plugins:maven-clean-plugin:jar:2.5
2020-03-17 17:26:29,758 [Worker-8] INFO  o.e.m.c.i.e.AbstractTransferListenerAdapter - Downloaded https://repo.maven.apache.org/maven2/javax/transaction/jta/1.0.1B/jta-1.0.1B.jar
2020-03-17 17:26:29,765 [Worker-8] WARN  o.e.m.c.i.embedder.EclipseLogger - Failed to retrieve plugin descriptor for org.apache.maven.plugins:maven-clean-plugin:2.5: Plugin org.apache.maven.plugins:maven-clean-plugin:2.5 or one of its dependencies could not be resolved: Failed to read artifact descriptor for org.apache.maven.plugins:maven-clean-plugin:jar:2.5
2020-03-17 17:26:29,768 [Worker-8] WARN  o.e.m.c.i.embedder.EclipseLogger - Failed to retrieve plugin descriptor for org.apache.maven.plugins:maven-clean-plugin:2.5: Plugin org.apache.maven.plugins:maven-clean-plugin:2.5 or one of its dependencies could not be resolved: Failed to read artifact descriptor for org.apache.maven.plugins:maven-clean-plugin:jar:2.5
2020-03-17 17:26:31,783 [Worker-8] INFO  o.e.m.c.i.e.AbstractTransferListenerAdapter - Downloaded https://repo.maven.apache.org/maven2/javassist/javassist/3.9.0/javassist-3.9.0.jar
2020-03-17 17:26:31,789 [Worker-8] WARN  o.e.m.c.i.embedder.EclipseLogger - Failed to retrieve plugin descriptor for org.apache.maven.plugins:maven-clean-plugin:2.5: Plugin org.apache.maven.plugins:maven-clean-plugin:2.5 or one of its dependencies could not be resolved: Failed to read artifact descriptor for org.apache.maven.plugins:maven-clean-plugin:jar:2.5
2020-03-17 17:26:31,791 [Worker-8] WARN  o.e.m.c.i.embedder.EclipseLogger - Failed to retrieve plugin descriptor for org.apache.maven.plugins:maven-clean-plugin:2.5: Plugin org.apache.maven.plugins:maven-clean-plugin:2.5 or one of its dependencies could not be resolved: Failed to read artifact descriptor for org.apache.maven.plugins:maven-clean-plugin:jar:2.5
2020-03-17 21:39:49,922 [Worker-5] INFO  c.g.t.t.d.PublishedGradleVersions - Gradle version information cache is up-to-date. Trying to read.
2020-03-17 21:39:54,732 [Worker-11] INFO  o.e.m.c.i.i.nexus.NexusIndexManager - Updating index for repository: central|https://repo.maven.apache.org/maven2
2020-03-18 12:54:42,333 [Worker-4] INFO  c.g.t.t.d.PublishedGradleVersions - Gradle version information cache is up-to-date. Trying to read.
2020-03-18 12:54:56,398 [Worker-12] INFO  o.e.m.c.i.i.nexus.NexusIndexManager - Updating index for repository: central|https://repo.maven.apache.org/maven2
2020-03-18 13:01:18,673 [Worker-8] INFO  j.exodus.env.EnvironmentImpl - Exodus environment created: D:\tools\MyEclipse2017\Workspaces\.metadata\com.genuitec.eclipse.webclipse.livepreview\0\store
2020-03-18 13:01:19,296 [Worker-8] INFO  j.exodus.env.EnvironmentImpl - Exodus environment created: D:\tools\MyEclipse2017\Workspaces\.metadata\com.genuitec.eclipse.webclipse.livepreview\1\store
2020-03-18 13:07:09,676 [Worker-12] ERROR o.e.m.c.i.i.nexus.NexusIndexManager - Unable to update index for central|https://repo.maven.apache.org/maven2: no segments* file found in org.apache.lucene.store.FSDirectory@C:\Users\cqc\AppData\Local\Temp\nexus-index5898216006113479914.dir: files:
java.io.FileNotFoundException: no segments* file found in org.apache.lucene.store.FSDirectory@C:\Users\cqc\AppData\Local\Temp\nexus-index5898216006113479914.dir: files:
	at org.apache.lucene.index.SegmentInfos$FindSegmentsFile.run(SegmentInfos.java:604) ~[lucene-core-2.4.1.jar:2.4.1 750176 - 2009-03-04 21:56:52]
	at org.apache.lucene.index.DirectoryIndexReader.open(DirectoryIndexReader.java:115) ~[lucene-core-2.4.1.jar:2.4.1 750176 - 2009-03-04 21:56:52]
	at org.apache.lucene.index.IndexReader.open(IndexReader.java:316) ~[lucene-core-2.4.1.jar:2.4.1 750176 - 2009-03-04 21:56:52]
	at org.apache.lucene.index.IndexReader.open(IndexReader.java:227) ~[lucene-core-2.4.1.jar:2.4.1 750176 - 2009-03-04 21:56:52]
	at org.apache.maven.index.updater.DefaultIndexUpdater.copyUpdatedDocuments(DefaultIndexUpdater.java:352) ~[indexer-core-3.1.0.jar:3.1.0]
	at org.apache.maven.index.updater.DefaultIndexUpdater.unpackIndexArchive(DefaultIndexUpdater.java:288) ~[indexer-core-3.1.0.jar:3.1.0]
	at org.apache.maven.index.updater.DefaultIndexUpdater.loadIndexDirectory(DefaultIndexUpdater.java:218) ~[indexer-core-3.1.0.jar:3.1.0]
	at org.apache.maven.index.updater.DefaultIndexUpdater.access$300(DefaultIndexUpdater.java:75) ~[indexer-core-3.1.0.jar:3.1.0]
	at org.apache.maven.index.updater.DefaultIndexUpdater$LuceneIndexAdaptor.setIndexFile(DefaultIndexUpdater.java:645) ~[indexer-core-3.1.0.jar:3.1.0]
	at org.apache.maven.index.updater.DefaultIndexUpdater.fetchAndUpdateIndex(DefaultIndexUpdater.java:844) ~[indexer-core-3.1.0.jar:3.1.0]
	at org.apache.maven.index.updater.DefaultIndexUpdater.fetchAndUpdateIndex(DefaultIndexUpdater.java:156) ~[indexer-core-3.1.0.jar:3.1.0]
	at org.eclipse.m2e.core.internal.index.nexus.NexusIndexManager.updateRemoteIndex(NexusIndexManager.java:1251) [org.eclipse.m2e.core_1.7.0.me201710050312.jar:na]
	at org.eclipse.m2e.core.internal.index.nexus.NexusIndexManager.updateIndex(NexusIndexManager.java:1193) [org.eclipse.m2e.core_1.7.0.me201710050312.jar:na]
	at org.eclipse.m2e.core.internal.index.nexus.NexusIndexManager$1.run(NexusIndexManager.java:703) [org.eclipse.m2e.core_1.7.0.me201710050312.jar:na]
	at org.eclipse.m2e.core.internal.index.nexus.IndexUpdaterJob.run(IndexUpdaterJob.java:72) [org.eclipse.m2e.core_1.7.0.me201710050312.jar:na]
	at org.eclipse.core.internal.jobs.Worker.run(Worker.java:55) [org.eclipse.core.jobs_3.8.0.v20160509-0411.jar:na]
2020-03-18 20:31:07,923 [Worker-15] INFO  c.g.t.t.d.PublishedGradleVersions - Gradle version information cache is out-of-date. Trying to update.
2020-03-18 20:31:12,137 [Worker-4] INFO  o.e.m.c.i.i.nexus.NexusIndexManager - Updating index for repository: central|https://repo.maven.apache.org/maven2
2020-03-18 20:31:27,761 [Worker-4] ERROR o.e.m.c.i.i.nexus.NexusIndexManager - Unable to update index for central|https://repo.maven.apache.org/maven2
java.net.SocketException: Connection reset
	at java.net.SocketInputStream.read(SocketInputStream.java:209) ~[na:1.8.0_112]
	at java.net.SocketInputStream.read(SocketInputStream.java:141) ~[na:1.8.0_112]
	at sun.security.ssl.InputRecord.readFully(InputRecord.java:465) ~[na:1.8.0_112]
	at sun.security.ssl.InputRecord.read(InputRecord.java:503) ~[na:1.8.0_112]
	at sun.security.ssl.SSLSocketImpl.readRecord(SSLSocketImpl.java:973) ~[na:1.8.0_112]
	at sun.security.ssl.SSLSocketImpl.performInitialHandshake(SSLSocketImpl.java:1375) ~[na:1.8.0_112]
	at sun.security.ssl.SSLSocketImpl.startHandshake(SSLSocketImpl.java:1403) ~[na:1.8.0_112]
	at sun.security.ssl.SSLSocketImpl.startHandshake(SSLSocketImpl.java:1387) ~[na:1.8.0_112]
	at com.squareup.okhttp.Connection.connectTls(Connection.java:235) ~[na:na]
	at com.squareup.okhttp.Connection.connectSocket(Connection.java:199) ~[na:na]
	at com.squareup.okhttp.Connection.connect(Connection.java:172) ~[na:na]
	at com.squareup.okhttp.Connection.connectAndSetOwner(Connection.java:367) ~[na:na]
	at com.squareup.okhttp.OkHttpClient$1.connectAndSetOwner(OkHttpClient.java:128) ~[na:na]
	at com.squareup.okhttp.internal.http.HttpEngine.connect(HttpEngine.java:328) ~[na:na]
	at com.squareup.okhttp.internal.http.HttpEngine.sendRequest(HttpEngine.java:245) ~[na:na]
	at com.squareup.okhttp.Call.getResponse(Call.java:267) ~[na:na]
	at com.squareup.okhttp.Call$ApplicationInterceptorChain.proceed(Call.java:224) ~[na:na]
	at com.squareup.okhttp.Call.getResponseWithInterceptorChain(Call.java:195) ~[na:na]
	at com.squareup.okhttp.Call.execute(Call.java:79) ~[na:na]
	at io.takari.aether.okhttp.OkHttpAetherClient.execute(OkHttpAetherClient.java:167) ~[aether-connector-okhttp-0.16.0.jar:0.16.0]
	at io.takari.aether.okhttp.OkHttpAetherClient.get(OkHttpAetherClient.java:113) ~[aether-connector-okhttp-0.16.0.jar:0.16.0]
	at org.eclipse.m2e.core.internal.index.nexus.AetherClientResourceFetcher.retrieve(AetherClientResourceFetcher.java:79) ~[org.eclipse.m2e.core_1.7.0.me201710050312.jar:na]
	at org.apache.maven.index.updater.AbstractResourceFetcher.retrieve(AbstractResourceFetcher.java:35) ~[indexer-core-3.1.0.jar:3.1.0]
	at org.apache.maven.index.updater.DefaultIndexUpdater.downloadIndexProperties(DefaultIndexUpdater.java:452) ~[indexer-core-3.1.0.jar:3.1.0]
	at org.apache.maven.index.updater.DefaultIndexUpdater.access$100(DefaultIndexUpdater.java:75) ~[indexer-core-3.1.0.jar:3.1.0]
	at org.apache.maven.index.updater.DefaultIndexUpdater$IndexAdaptor.setProperties(DefaultIndexUpdater.java:607) ~[indexer-core-3.1.0.jar:3.1.0]
	at org.apache.maven.index.updater.DefaultIndexUpdater.fetchAndUpdateIndex(DefaultIndexUpdater.java:788) ~[indexer-core-3.1.0.jar:3.1.0]
	at org.apache.maven.index.updater.DefaultIndexUpdater.fetchAndUpdateIndex(DefaultIndexUpdater.java:135) ~[indexer-core-3.1.0.jar:3.1.0]
	at org.eclipse.m2e.core.internal.index.nexus.NexusIndexManager.updateRemoteIndex(NexusIndexManager.java:1238) [org.eclipse.m2e.core_1.7.0.me201710050312.jar:na]
	at org.eclipse.m2e.core.internal.index.nexus.NexusIndexManager.updateIndex(NexusIndexManager.java:1193) [org.eclipse.m2e.core_1.7.0.me201710050312.jar:na]
	at org.eclipse.m2e.core.internal.index.nexus.NexusIndexManager$1.run(NexusIndexManager.java:703) [org.eclipse.m2e.core_1.7.0.me201710050312.jar:na]
	at org.eclipse.m2e.core.internal.index.nexus.IndexUpdaterJob.run(IndexUpdaterJob.java:72) [org.eclipse.m2e.core_1.7.0.me201710050312.jar:na]
	at org.eclipse.core.internal.jobs.Worker.run(Worker.java:55) [org.eclipse.core.jobs_3.8.0.v20160509-0411.jar:na]
2020-03-18 21:15:06,772 [Worker-0] INFO  c.g.t.t.d.PublishedGradleVersions - Gradle version information cache is up-to-date. Trying to read.
2020-03-18 21:15:13,448 [Worker-10] INFO  o.e.m.c.i.i.nexus.NexusIndexManager - Updating index for repository: central|https://repo.maven.apache.org/maven2
2020-03-18 21:15:18,306 [Worker-10] ERROR o.e.m.c.i.i.nexus.NexusIndexManager - Unable to update index for central|https://repo.maven.apache.org/maven2: no segments* file found in org.apache.lucene.store.FSDirectory@C:\Users\cqc\AppData\Local\Temp\nexus-index3585789652713076060.dir: files:
java.io.FileNotFoundException: no segments* file found in org.apache.lucene.store.FSDirectory@C:\Users\cqc\AppData\Local\Temp\nexus-index3585789652713076060.dir: files:
	at org.apache.lucene.index.SegmentInfos$FindSegmentsFile.run(SegmentInfos.java:604) ~[lucene-core-2.4.1.jar:2.4.1 750176 - 2009-03-04 21:56:52]
	at org.apache.lucene.index.DirectoryIndexReader.open(DirectoryIndexReader.java:115) ~[lucene-core-2.4.1.jar:2.4.1 750176 - 2009-03-04 21:56:52]
	at org.apache.lucene.index.IndexReader.open(IndexReader.java:316) ~[lucene-core-2.4.1.jar:2.4.1 750176 - 2009-03-04 21:56:52]
	at org.apache.lucene.index.IndexReader.open(IndexReader.java:227) ~[lucene-core-2.4.1.jar:2.4.1 750176 - 2009-03-04 21:56:52]
	at org.apache.maven.index.updater.DefaultIndexUpdater.copyUpdatedDocuments(DefaultIndexUpdater.java:352) ~[indexer-core-3.1.0.jar:3.1.0]
	at org.apache.maven.index.updater.DefaultIndexUpdater.unpackIndexArchive(DefaultIndexUpdater.java:288) ~[indexer-core-3.1.0.jar:3.1.0]
	at org.apache.maven.index.updater.DefaultIndexUpdater.loadIndexDirectory(DefaultIndexUpdater.java:218) ~[indexer-core-3.1.0.jar:3.1.0]
	at org.apache.maven.index.updater.DefaultIndexUpdater.access$300(DefaultIndexUpdater.java:75) ~[indexer-core-3.1.0.jar:3.1.0]
	at org.apache.maven.index.updater.DefaultIndexUpdater$LuceneIndexAdaptor.setIndexFile(DefaultIndexUpdater.java:645) ~[indexer-core-3.1.0.jar:3.1.0]
	at org.apache.maven.index.updater.DefaultIndexUpdater.fetchAndUpdateIndex(DefaultIndexUpdater.java:844) ~[indexer-core-3.1.0.jar:3.1.0]
	at org.apache.maven.index.updater.DefaultIndexUpdater.fetchAndUpdateIndex(DefaultIndexUpdater.java:156) ~[indexer-core-3.1.0.jar:3.1.0]
	at org.eclipse.m2e.core.internal.index.nexus.NexusIndexManager.updateRemoteIndex(NexusIndexManager.java:1251) [org.eclipse.m2e.core_1.7.0.me201710050312.jar:na]
	at org.eclipse.m2e.core.internal.index.nexus.NexusIndexManager.updateIndex(NexusIndexManager.java:1193) [org.eclipse.m2e.core_1.7.0.me201710050312.jar:na]
	at org.eclipse.m2e.core.internal.index.nexus.NexusIndexManager$1.run(NexusIndexManager.java:703) [org.eclipse.m2e.core_1.7.0.me201710050312.jar:na]
	at org.eclipse.m2e.core.internal.index.nexus.IndexUpdaterJob.run(IndexUpdaterJob.java:72) [org.eclipse.m2e.core_1.7.0.me201710050312.jar:na]
	at org.eclipse.core.internal.jobs.Worker.run(Worker.java:55) [org.eclipse.core.jobs_3.8.0.v20160509-0411.jar:na]
2020-03-18 21:17:50,276 [Worker-8] INFO  j.exodus.env.EnvironmentImpl - Exodus environment created: D:\tools\MyEclipse2017\Workspaces\.metadata\com.genuitec.eclipse.webclipse.livepreview\0\store
2020-03-18 21:17:50,760 [Worker-8] INFO  j.exodus.env.EnvironmentImpl - Exodus environment created: D:\tools\MyEclipse2017\Workspaces\.metadata\com.genuitec.eclipse.webclipse.livepreview\1\store
2020-03-18 21:17:55,795 [Worker-8] INFO  j.exodus.env.EnvironmentImpl - Exodus environment created: D:\tools\MyEclipse2017\Workspaces\.metadata\com.genuitec.eclipse.webclipse.livepreview\2\store
2020-03-18 22:15:21,433 [Worker-6] INFO  j.exodus.env.EnvironmentImpl - Store get cache hit rate: 0.0%
2020-03-18 22:15:21,433 [Worker-6] INFO  j.exodus.env.EnvironmentImpl - Tree nodes cache hit rate: 0.0%
2020-03-18 22:15:21,433 [Worker-6] INFO  j.exodus.env.EnvironmentImpl - Exodus log cache hit rate: 0.4%
2020-03-18 22:15:21,512 [Worker-6] INFO  j.exodus.env.EnvironmentImpl - Store get cache hit rate: 0.0%
2020-03-18 22:15:21,512 [Worker-6] INFO  j.exodus.env.EnvironmentImpl - Tree nodes cache hit rate: 0.0%
2020-03-18 22:15:21,512 [Worker-6] INFO  j.exodus.env.EnvironmentImpl - Exodus log cache hit rate: 0.4%
2020-03-19 18:03:08,693 [Worker-5] INFO  c.g.t.t.d.PublishedGradleVersions - Gradle version information cache is up-to-date. Trying to read.
2020-03-19 18:03:19,300 [Worker-5] INFO  o.e.m.c.i.i.nexus.NexusIndexManager - Updating index for repository: central|https://repo.maven.apache.org/maven2
2020-03-19 18:03:32,098 [Worker-5] ERROR o.e.m.c.i.i.nexus.NexusIndexManager - Unable to update index for central|https://repo.maven.apache.org/maven2: no segments* file found in org.apache.lucene.store.FSDirectory@C:\Users\cqc\AppData\Local\Temp\nexus-index6820379074221536997.dir: files:
java.io.FileNotFoundException: no segments* file found in org.apache.lucene.store.FSDirectory@C:\Users\cqc\AppData\Local\Temp\nexus-index6820379074221536997.dir: files:
	at org.apache.lucene.index.SegmentInfos$FindSegmentsFile.run(SegmentInfos.java:604) ~[lucene-core-2.4.1.jar:2.4.1 750176 - 2009-03-04 21:56:52]
	at org.apache.lucene.index.DirectoryIndexReader.open(DirectoryIndexReader.java:115) ~[lucene-core-2.4.1.jar:2.4.1 750176 - 2009-03-04 21:56:52]
	at org.apache.lucene.index.IndexReader.open(IndexReader.java:316) ~[lucene-core-2.4.1.jar:2.4.1 750176 - 2009-03-04 21:56:52]
	at org.apache.lucene.index.IndexReader.open(IndexReader.java:227) ~[lucene-core-2.4.1.jar:2.4.1 750176 - 2009-03-04 21:56:52]
	at org.apache.maven.index.updater.DefaultIndexUpdater.copyUpdatedDocuments(DefaultIndexUpdater.java:352) ~[indexer-core-3.1.0.jar:3.1.0]
	at org.apache.maven.index.updater.DefaultIndexUpdater.unpackIndexArchive(DefaultIndexUpdater.java:288) ~[indexer-core-3.1.0.jar:3.1.0]
	at org.apache.maven.index.updater.DefaultIndexUpdater.loadIndexDirectory(DefaultIndexUpdater.java:218) ~[indexer-core-3.1.0.jar:3.1.0]
	at org.apache.maven.index.updater.DefaultIndexUpdater.access$300(DefaultIndexUpdater.java:75) ~[indexer-core-3.1.0.jar:3.1.0]
	at org.apache.maven.index.updater.DefaultIndexUpdater$LuceneIndexAdaptor.setIndexFile(DefaultIndexUpdater.java:645) ~[indexer-core-3.1.0.jar:3.1.0]
	at org.apache.maven.index.updater.DefaultIndexUpdater.fetchAndUpdateIndex(DefaultIndexUpdater.java:844) ~[indexer-core-3.1.0.jar:3.1.0]
	at org.apache.maven.index.updater.DefaultIndexUpdater.fetchAndUpdateIndex(DefaultIndexUpdater.java:156) ~[indexer-core-3.1.0.jar:3.1.0]
	at org.eclipse.m2e.core.internal.index.nexus.NexusIndexManager.updateRemoteIndex(NexusIndexManager.java:1251) [org.eclipse.m2e.core_1.7.0.me201710050312.jar:na]
	at org.eclipse.m2e.core.internal.index.nexus.NexusIndexManager.updateIndex(NexusIndexManager.java:1193) [org.eclipse.m2e.core_1.7.0.me201710050312.jar:na]
	at org.eclipse.m2e.core.internal.index.nexus.NexusIndexManager$1.run(NexusIndexManager.java:703) [org.eclipse.m2e.core_1.7.0.me201710050312.jar:na]
	at org.eclipse.m2e.core.internal.index.nexus.IndexUpdaterJob.run(IndexUpdaterJob.java:72) [org.eclipse.m2e.core_1.7.0.me201710050312.jar:na]
	at org.eclipse.core.internal.jobs.Worker.run(Worker.java:55) [org.eclipse.core.jobs_3.8.0.v20160509-0411.jar:na]
2020-03-19 18:17:08,981 [Worker-7] INFO  j.exodus.env.EnvironmentImpl - Exodus environment created: D:\tools\MyEclipse2017\Workspaces\.metadata\com.genuitec.eclipse.webclipse.livepreview\0\store
2020-03-19 19:53:40,108 [Worker-4] INFO  c.g.t.t.d.PublishedGradleVersions - Gradle version information cache is up-to-date. Trying to read.
2020-03-19 19:53:45,079 [Worker-14] INFO  o.e.m.c.i.i.nexus.NexusIndexManager - Updating index for repository: central|https://repo.maven.apache.org/maven2
2020-03-19 19:53:56,060 [Worker-14] ERROR o.e.m.c.i.i.nexus.NexusIndexManager - Unable to update index for central|https://repo.maven.apache.org/maven2: no segments* file found in org.apache.lucene.store.FSDirectory@C:\Users\cqc\AppData\Local\Temp\nexus-index2114847681511299482.dir: files:
java.io.FileNotFoundException: no segments* file found in org.apache.lucene.store.FSDirectory@C:\Users\cqc\AppData\Local\Temp\nexus-index2114847681511299482.dir: files:
	at org.apache.lucene.index.SegmentInfos$FindSegmentsFile.run(SegmentInfos.java:604) ~[lucene-core-2.4.1.jar:2.4.1 750176 - 2009-03-04 21:56:52]
	at org.apache.lucene.index.DirectoryIndexReader.open(DirectoryIndexReader.java:115) ~[lucene-core-2.4.1.jar:2.4.1 750176 - 2009-03-04 21:56:52]
	at org.apache.lucene.index.IndexReader.open(IndexReader.java:316) ~[lucene-core-2.4.1.jar:2.4.1 750176 - 2009-03-04 21:56:52]
	at org.apache.lucene.index.IndexReader.open(IndexReader.java:227) ~[lucene-core-2.4.1.jar:2.4.1 750176 - 2009-03-04 21:56:52]
	at org.apache.maven.index.updater.DefaultIndexUpdater.copyUpdatedDocuments(DefaultIndexUpdater.java:352) ~[indexer-core-3.1.0.jar:3.1.0]
	at org.apache.maven.index.updater.DefaultIndexUpdater.unpackIndexArchive(DefaultIndexUpdater.java:288) ~[indexer-core-3.1.0.jar:3.1.0]
	at org.apache.maven.index.updater.DefaultIndexUpdater.loadIndexDirectory(DefaultIndexUpdater.java:218) ~[indexer-core-3.1.0.jar:3.1.0]
	at org.apache.maven.index.updater.DefaultIndexUpdater.access$300(DefaultIndexUpdater.java:75) ~[indexer-core-3.1.0.jar:3.1.0]
	at org.apache.maven.index.updater.DefaultIndexUpdater$LuceneIndexAdaptor.setIndexFile(DefaultIndexUpdater.java:645) ~[indexer-core-3.1.0.jar:3.1.0]
	at org.apache.maven.index.updater.DefaultIndexUpdater.fetchAndUpdateIndex(DefaultIndexUpdater.java:844) ~[indexer-core-3.1.0.jar:3.1.0]
	at org.apache.maven.index.updater.DefaultIndexUpdater.fetchAndUpdateIndex(DefaultIndexUpdater.java:156) ~[indexer-core-3.1.0.jar:3.1.0]
	at org.eclipse.m2e.core.internal.index.nexus.NexusIndexManager.updateRemoteIndex(NexusIndexManager.java:1251) [org.eclipse.m2e.core_1.7.0.me201710050312.jar:na]
	at org.eclipse.m2e.core.internal.index.nexus.NexusIndexManager.updateIndex(NexusIndexManager.java:1193) [org.eclipse.m2e.core_1.7.0.me201710050312.jar:na]
	at org.eclipse.m2e.core.internal.index.nexus.NexusIndexManager$1.run(NexusIndexManager.java:703) [org.eclipse.m2e.core_1.7.0.me201710050312.jar:na]
	at org.eclipse.m2e.core.internal.index.nexus.IndexUpdaterJob.run(IndexUpdaterJob.java:72) [org.eclipse.m2e.core_1.7.0.me201710050312.jar:na]
	at org.eclipse.core.internal.jobs.Worker.run(Worker.java:55) [org.eclipse.core.jobs_3.8.0.v20160509-0411.jar:na]
2020-03-19 19:55:14,687 [Worker-5] INFO  c.g.t.t.d.PublishedGradleVersions - Gradle version information cache is up-to-date. Trying to read.
2020-03-19 19:55:19,701 [Worker-7] INFO  o.e.m.c.i.i.nexus.NexusIndexManager - Updating index for repository: central|https://repo.maven.apache.org/maven2
2020-03-19 19:55:44,629 [Worker-7] ERROR o.e.m.c.i.i.nexus.NexusIndexManager - Unable to update index for central|https://repo.maven.apache.org/maven2
java.net.SocketException: Connection reset
	at java.net.SocketInputStream.read(SocketInputStream.java:209) ~[na:1.8.0_112]
	at java.net.SocketInputStream.read(SocketInputStream.java:141) ~[na:1.8.0_112]
	at sun.security.ssl.InputRecord.readFully(InputRecord.java:465) ~[na:1.8.0_112]
	at sun.security.ssl.InputRecord.read(InputRecord.java:503) ~[na:1.8.0_112]
	at sun.security.ssl.SSLSocketImpl.readRecord(SSLSocketImpl.java:973) ~[na:1.8.0_112]
	at sun.security.ssl.SSLSocketImpl.performInitialHandshake(SSLSocketImpl.java:1375) ~[na:1.8.0_112]
	at sun.security.ssl.SSLSocketImpl.startHandshake(SSLSocketImpl.java:1403) ~[na:1.8.0_112]
	at sun.security.ssl.SSLSocketImpl.startHandshake(SSLSocketImpl.java:1387) ~[na:1.8.0_112]
	at com.squareup.okhttp.Connection.connectTls(Connection.java:235) ~[na:na]
	at com.squareup.okhttp.Connection.connectSocket(Connection.java:199) ~[na:na]
	at com.squareup.okhttp.Connection.connect(Connection.java:172) ~[na:na]
	at com.squareup.okhttp.Connection.connectAndSetOwner(Connection.java:367) ~[na:na]
	at com.squareup.okhttp.OkHttpClient$1.connectAndSetOwner(OkHttpClient.java:128) ~[na:na]
	at com.squareup.okhttp.internal.http.HttpEngine.connect(HttpEngine.java:328) ~[na:na]
	at com.squareup.okhttp.internal.http.HttpEngine.sendRequest(HttpEngine.java:245) ~[na:na]
	at com.squareup.okhttp.Call.getResponse(Call.java:267) ~[na:na]
	at com.squareup.okhttp.Call$ApplicationInterceptorChain.proceed(Call.java:224) ~[na:na]
	at com.squareup.okhttp.Call.getResponseWithInterceptorChain(Call.java:195) ~[na:na]
	at com.squareup.okhttp.Call.execute(Call.java:79) ~[na:na]
	at io.takari.aether.okhttp.OkHttpAetherClient.execute(OkHttpAetherClient.java:167) ~[aether-connector-okhttp-0.16.0.jar:0.16.0]
	at io.takari.aether.okhttp.OkHttpAetherClient.get(OkHttpAetherClient.java:113) ~[aether-connector-okhttp-0.16.0.jar:0.16.0]
	at org.eclipse.m2e.core.internal.index.nexus.AetherClientResourceFetcher.retrieve(AetherClientResourceFetcher.java:79) ~[org.eclipse.m2e.core_1.7.0.me201710050312.jar:na]
	at org.apache.maven.index.updater.AbstractResourceFetcher.retrieve(AbstractResourceFetcher.java:35) ~[indexer-core-3.1.0.jar:3.1.0]
	at org.apache.maven.index.updater.DefaultIndexUpdater.downloadIndexProperties(DefaultIndexUpdater.java:452) ~[indexer-core-3.1.0.jar:3.1.0]
	at org.apache.maven.index.updater.DefaultIndexUpdater.access$100(DefaultIndexUpdater.java:75) ~[indexer-core-3.1.0.jar:3.1.0]
	at org.apache.maven.index.updater.DefaultIndexUpdater$IndexAdaptor.setProperties(DefaultIndexUpdater.java:607) ~[indexer-core-3.1.0.jar:3.1.0]
	at org.apache.maven.index.updater.DefaultIndexUpdater.fetchAndUpdateIndex(DefaultIndexUpdater.java:788) ~[indexer-core-3.1.0.jar:3.1.0]
	at org.apache.maven.index.updater.DefaultIndexUpdater.fetchAndUpdateIndex(DefaultIndexUpdater.java:135) ~[indexer-core-3.1.0.jar:3.1.0]
	at org.eclipse.m2e.core.internal.index.nexus.NexusIndexManager.updateRemoteIndex(NexusIndexManager.java:1238) [org.eclipse.m2e.core_1.7.0.me201710050312.jar:na]
	at org.eclipse.m2e.core.internal.index.nexus.NexusIndexManager.updateIndex(NexusIndexManager.java:1193) [org.eclipse.m2e.core_1.7.0.me201710050312.jar:na]
	at org.eclipse.m2e.core.internal.index.nexus.NexusIndexManager$1.run(NexusIndexManager.java:703) [org.eclipse.m2e.core_1.7.0.me201710050312.jar:na]
	at org.eclipse.m2e.core.internal.index.nexus.IndexUpdaterJob.run(IndexUpdaterJob.java:72) [org.eclipse.m2e.core_1.7.0.me201710050312.jar:na]
	at org.eclipse.core.internal.jobs.Worker.run(Worker.java:55) [org.eclipse.core.jobs_3.8.0.v20160509-0411.jar:na]
2020-03-19 20:21:43,389 [Worker-4] INFO  c.g.t.t.d.PublishedGradleVersions - Gradle version information cache is up-to-date. Trying to read.
2020-03-19 20:21:47,879 [Worker-6] INFO  o.e.m.c.i.i.nexus.NexusIndexManager - Updating index for repository: central|https://repo.maven.apache.org/maven2
2020-03-19 20:21:53,584 [Worker-6] ERROR o.e.m.c.i.i.nexus.NexusIndexManager - Unable to update index for central|https://repo.maven.apache.org/maven2: no segments* file found in org.apache.lucene.store.FSDirectory@C:\Users\cqc\AppData\Local\Temp\nexus-index7028915950334451484.dir: files:
java.io.FileNotFoundException: no segments* file found in org.apache.lucene.store.FSDirectory@C:\Users\cqc\AppData\Local\Temp\nexus-index7028915950334451484.dir: files:
	at org.apache.lucene.index.SegmentInfos$FindSegmentsFile.run(SegmentInfos.java:604) ~[lucene-core-2.4.1.jar:2.4.1 750176 - 2009-03-04 21:56:52]
	at org.apache.lucene.index.DirectoryIndexReader.open(DirectoryIndexReader.java:115) ~[lucene-core-2.4.1.jar:2.4.1 750176 - 2009-03-04 21:56:52]
	at org.apache.lucene.index.IndexReader.open(IndexReader.java:316) ~[lucene-core-2.4.1.jar:2.4.1 750176 - 2009-03-04 21:56:52]
	at org.apache.lucene.index.IndexReader.open(IndexReader.java:227) ~[lucene-core-2.4.1.jar:2.4.1 750176 - 2009-03-04 21:56:52]
	at org.apache.maven.index.updater.DefaultIndexUpdater.copyUpdatedDocuments(DefaultIndexUpdater.java:352) ~[indexer-core-3.1.0.jar:3.1.0]
	at org.apache.maven.index.updater.DefaultIndexUpdater.unpackIndexArchive(DefaultIndexUpdater.java:288) ~[indexer-core-3.1.0.jar:3.1.0]
	at org.apache.maven.index.updater.DefaultIndexUpdater.loadIndexDirectory(DefaultIndexUpdater.java:218) ~[indexer-core-3.1.0.jar:3.1.0]
	at org.apache.maven.index.updater.DefaultIndexUpdater.access$300(DefaultIndexUpdater.java:75) ~[indexer-core-3.1.0.jar:3.1.0]
	at org.apache.maven.index.updater.DefaultIndexUpdater$LuceneIndexAdaptor.setIndexFile(DefaultIndexUpdater.java:645) ~[indexer-core-3.1.0.jar:3.1.0]
	at org.apache.maven.index.updater.DefaultIndexUpdater.fetchAndUpdateIndex(DefaultIndexUpdater.java:844) ~[indexer-core-3.1.0.jar:3.1.0]
	at org.apache.maven.index.updater.DefaultIndexUpdater.fetchAndUpdateIndex(DefaultIndexUpdater.java:156) ~[indexer-core-3.1.0.jar:3.1.0]
	at org.eclipse.m2e.core.internal.index.nexus.NexusIndexManager.updateRemoteIndex(NexusIndexManager.java:1251) [org.eclipse.m2e.core_1.7.0.me201710050312.jar:na]
	at org.eclipse.m2e.core.internal.index.nexus.NexusIndexManager.updateIndex(NexusIndexManager.java:1193) [org.eclipse.m2e.core_1.7.0.me201710050312.jar:na]
	at org.eclipse.m2e.core.internal.index.nexus.NexusIndexManager$1.run(NexusIndexManager.java:703) [org.eclipse.m2e.core_1.7.0.me201710050312.jar:na]
	at org.eclipse.m2e.core.internal.index.nexus.IndexUpdaterJob.run(IndexUpdaterJob.java:72) [org.eclipse.m2e.core_1.7.0.me201710050312.jar:na]
	at org.eclipse.core.internal.jobs.Worker.run(Worker.java:55) [org.eclipse.core.jobs_3.8.0.v20160509-0411.jar:na]
2020-03-19 20:34:39,524 [Worker-12] INFO  j.exodus.env.EnvironmentImpl - Exodus environment created: D:\tools\MyEclipse2017\Workspaces\.metadata\com.genuitec.eclipse.webclipse.livepreview\0\store
2020-03-19 23:40:33,994 [Worker-6] INFO  c.g.t.t.d.PublishedGradleVersions - Gradle version information cache is out-of-date. Trying to update.
2020-03-19 23:40:39,061 [Worker-10] INFO  o.e.m.c.i.i.nexus.NexusIndexManager - Updating index for repository: central|https://repo.maven.apache.org/maven2
2020-03-19 23:40:54,378 [Worker-10] ERROR o.e.m.c.i.i.nexus.NexusIndexManager - Unable to update index for central|https://repo.maven.apache.org/maven2
java.net.SocketException: Connection reset
	at java.net.SocketInputStream.read(SocketInputStream.java:209) ~[na:1.8.0_112]
	at java.net.SocketInputStream.read(SocketInputStream.java:141) ~[na:1.8.0_112]
	at sun.security.ssl.InputRecord.readFully(InputRecord.java:465) ~[na:1.8.0_112]
	at sun.security.ssl.InputRecord.read(InputRecord.java:503) ~[na:1.8.0_112]
	at sun.security.ssl.SSLSocketImpl.readRecord(SSLSocketImpl.java:973) ~[na:1.8.0_112]
	at sun.security.ssl.SSLSocketImpl.performInitialHandshake(SSLSocketImpl.java:1375) ~[na:1.8.0_112]
	at sun.security.ssl.SSLSocketImpl.startHandshake(SSLSocketImpl.java:1403) ~[na:1.8.0_112]
	at sun.security.ssl.SSLSocketImpl.startHandshake(SSLSocketImpl.java:1387) ~[na:1.8.0_112]
	at com.squareup.okhttp.Connection.connectTls(Connection.java:235) ~[na:na]
	at com.squareup.okhttp.Connection.connectSocket(Connection.java:199) ~[na:na]
	at com.squareup.okhttp.Connection.connect(Connection.java:172) ~[na:na]
	at com.squareup.okhttp.Connection.connectAndSetOwner(Connection.java:367) ~[na:na]
	at com.squareup.okhttp.OkHttpClient$1.connectAndSetOwner(OkHttpClient.java:128) ~[na:na]
	at com.squareup.okhttp.internal.http.HttpEngine.connect(HttpEngine.java:328) ~[na:na]
	at com.squareup.okhttp.internal.http.HttpEngine.sendRequest(HttpEngine.java:245) ~[na:na]
	at com.squareup.okhttp.Call.getResponse(Call.java:267) ~[na:na]
	at com.squareup.okhttp.Call$ApplicationInterceptorChain.proceed(Call.java:224) ~[na:na]
	at com.squareup.okhttp.Call.getResponseWithInterceptorChain(Call.java:195) ~[na:na]
	at com.squareup.okhttp.Call.execute(Call.java:79) ~[na:na]
	at io.takari.aether.okhttp.OkHttpAetherClient.execute(OkHttpAetherClient.java:167) ~[aether-connector-okhttp-0.16.0.jar:0.16.0]
	at io.takari.aether.okhttp.OkHttpAetherClient.get(OkHttpAetherClient.java:113) ~[aether-connector-okhttp-0.16.0.jar:0.16.0]
	at org.eclipse.m2e.core.internal.index.nexus.AetherClientResourceFetcher.retrieve(AetherClientResourceFetcher.java:79) ~[org.eclipse.m2e.core_1.7.0.me201710050312.jar:na]
	at org.apache.maven.index.updater.AbstractResourceFetcher.retrieve(AbstractResourceFetcher.java:35) ~[indexer-core-3.1.0.jar:3.1.0]
	at org.apache.maven.index.updater.DefaultIndexUpdater.downloadIndexProperties(DefaultIndexUpdater.java:452) ~[indexer-core-3.1.0.jar:3.1.0]
	at org.apache.maven.index.updater.DefaultIndexUpdater.access$100(DefaultIndexUpdater.java:75) ~[indexer-core-3.1.0.jar:3.1.0]
	at org.apache.maven.index.updater.DefaultIndexUpdater$IndexAdaptor.setProperties(DefaultIndexUpdater.java:607) ~[indexer-core-3.1.0.jar:3.1.0]
	at org.apache.maven.index.updater.DefaultIndexUpdater.fetchAndUpdateIndex(DefaultIndexUpdater.java:788) ~[indexer-core-3.1.0.jar:3.1.0]
	at org.apache.maven.index.updater.DefaultIndexUpdater.fetchAndUpdateIndex(DefaultIndexUpdater.java:135) ~[indexer-core-3.1.0.jar:3.1.0]
	at org.eclipse.m2e.core.internal.index.nexus.NexusIndexManager.updateRemoteIndex(NexusIndexManager.java:1238) [org.eclipse.m2e.core_1.7.0.me201710050312.jar:na]
	at org.eclipse.m2e.core.internal.index.nexus.NexusIndexManager.updateIndex(NexusIndexManager.java:1193) [org.eclipse.m2e.core_1.7.0.me201710050312.jar:na]
	at org.eclipse.m2e.core.internal.index.nexus.NexusIndexManager$1.run(NexusIndexManager.java:703) [org.eclipse.m2e.core_1.7.0.me201710050312.jar:na]
	at org.eclipse.m2e.core.internal.index.nexus.IndexUpdaterJob.run(IndexUpdaterJob.java:72) [org.eclipse.m2e.core_1.7.0.me201710050312.jar:na]
	at org.eclipse.core.internal.jobs.Worker.run(Worker.java:55) [org.eclipse.core.jobs_3.8.0.v20160509-0411.jar:na]
2020-03-19 23:44:01,520 [Worker-7] INFO  j.exodus.env.EnvironmentImpl - Exodus environment created: D:\tools\MyEclipse2017\Workspaces\.metadata\com.genuitec.eclipse.webclipse.livepreview\0\store
2020-03-21 12:44:45,047 [Worker-3] INFO  c.g.t.t.d.PublishedGradleVersions - Gradle version information cache is out-of-date. Trying to update.
2020-03-21 12:45:00,595 [Worker-8] INFO  o.e.m.c.i.i.nexus.NexusIndexManager - Updating index for repository: central|https://repo.maven.apache.org/maven2
2020-03-21 12:45:04,440 [Worker-8] ERROR o.e.m.c.i.i.nexus.NexusIndexManager - Unable to update index for central|https://repo.maven.apache.org/maven2: no segments* file found in org.apache.lucene.store.FSDirectory@C:\Users\cqc\AppData\Local\Temp\nexus-index7439987899532402971.dir: files:
java.io.FileNotFoundException: no segments* file found in org.apache.lucene.store.FSDirectory@C:\Users\cqc\AppData\Local\Temp\nexus-index7439987899532402971.dir: files:
	at org.apache.lucene.index.SegmentInfos$FindSegmentsFile.run(SegmentInfos.java:604) ~[lucene-core-2.4.1.jar:2.4.1 750176 - 2009-03-04 21:56:52]
	at org.apache.lucene.index.DirectoryIndexReader.open(DirectoryIndexReader.java:115) ~[lucene-core-2.4.1.jar:2.4.1 750176 - 2009-03-04 21:56:52]
	at org.apache.lucene.index.IndexReader.open(IndexReader.java:316) ~[lucene-core-2.4.1.jar:2.4.1 750176 - 2009-03-04 21:56:52]
	at org.apache.lucene.index.IndexReader.open(IndexReader.java:227) ~[lucene-core-2.4.1.jar:2.4.1 750176 - 2009-03-04 21:56:52]
	at org.apache.maven.index.updater.DefaultIndexUpdater.copyUpdatedDocuments(DefaultIndexUpdater.java:352) ~[indexer-core-3.1.0.jar:3.1.0]
	at org.apache.maven.index.updater.DefaultIndexUpdater.unpackIndexArchive(DefaultIndexUpdater.java:288) ~[indexer-core-3.1.0.jar:3.1.0]
	at org.apache.maven.index.updater.DefaultIndexUpdater.loadIndexDirectory(DefaultIndexUpdater.java:218) ~[indexer-core-3.1.0.jar:3.1.0]
	at org.apache.maven.index.updater.DefaultIndexUpdater.access$300(DefaultIndexUpdater.java:75) ~[indexer-core-3.1.0.jar:3.1.0]
	at org.apache.maven.index.updater.DefaultIndexUpdater$LuceneIndexAdaptor.setIndexFile(DefaultIndexUpdater.java:645) ~[indexer-core-3.1.0.jar:3.1.0]
	at org.apache.maven.index.updater.DefaultIndexUpdater.fetchAndUpdateIndex(DefaultIndexUpdater.java:844) ~[indexer-core-3.1.0.jar:3.1.0]
	at org.apache.maven.index.updater.DefaultIndexUpdater.fetchAndUpdateIndex(DefaultIndexUpdater.java:156) ~[indexer-core-3.1.0.jar:3.1.0]
	at org.eclipse.m2e.core.internal.index.nexus.NexusIndexManager.updateRemoteIndex(NexusIndexManager.java:1251) [org.eclipse.m2e.core_1.7.0.me201710050312.jar:na]
	at org.eclipse.m2e.core.internal.index.nexus.NexusIndexManager.updateIndex(NexusIndexManager.java:1193) [org.eclipse.m2e.core_1.7.0.me201710050312.jar:na]
	at org.eclipse.m2e.core.internal.index.nexus.NexusIndexManager$1.run(NexusIndexManager.java:703) [org.eclipse.m2e.core_1.7.0.me201710050312.jar:na]
	at org.eclipse.m2e.core.internal.index.nexus.IndexUpdaterJob.run(IndexUpdaterJob.java:72) [org.eclipse.m2e.core_1.7.0.me201710050312.jar:na]
	at org.eclipse.core.internal.jobs.Worker.run(Worker.java:55) [org.eclipse.core.jobs_3.8.0.v20160509-0411.jar:na]
2020-03-21 12:49:31,354 [Worker-13] INFO  j.exodus.env.EnvironmentImpl - Exodus environment created: D:\tools\MyEclipse2017\Workspaces\.metadata\com.genuitec.eclipse.webclipse.livepreview\0\store
2020-04-25 23:18:35,945 [Worker-5] INFO  c.g.t.t.d.PublishedGradleVersions - Gradle version information cache is out-of-date. Trying to update.
2020-04-25 23:18:46,992 [Worker-3] INFO  o.e.m.c.i.i.nexus.NexusIndexManager - Updating index for repository: central|https://repo.maven.apache.org/maven2
2020-04-26 09:46:44,825 [Worker-5] INFO  c.g.t.t.d.PublishedGradleVersions - Gradle version information cache is up-to-date. Trying to read.
2020-04-26 09:47:02,694 [Worker-11] INFO  o.e.m.c.i.i.nexus.NexusIndexManager - Updating index for repository: central|https://repo.maven.apache.org/maven2
